file /home/kirill/workspace/engine/SConstruct,line 10:
	Configure(confdir = .sconf_temp)
scons: Configure: Checking for C library glfw... 
scons: Configure: ".sconf_temp/conftest_0.c" is up to date.
scons: Configure: The original builder output was:
  |.sconf_temp/conftest_0.c <-
  |  |
  |  |
  |  |
  |  |int
  |  |main() {
  |  |  
  |  |return 0;
  |  |}
  |  |
  |
scons: Configure: ".sconf_temp/conftest_0.o" is up to date.
scons: Configure: The original builder output was:
  |gcc -o .sconf_temp/conftest_0.o -c -I/home/kirill/workspace/glfw/include -I/home/kirill/workspace/glew/include .sconf_temp/conftest_0.c
  |
scons: Configure: ".sconf_temp/conftest_0" is up to date.
scons: Configure: The original builder output was:
  |gcc -o .sconf_temp/conftest_0 .sconf_temp/conftest_0.o -L/home/kirill/workspace/glfw-2.7.5/lib/x11 -L/home/kirill/workspace/glew/lib -lglfw
  |
scons: Configure: (cached) yes

scons: Configure: Checking for C library GLEW... 
scons: Configure: ".sconf_temp/conftest_1.c" is up to date.
scons: Configure: The original builder output was:
  |.sconf_temp/conftest_1.c <-
  |  |
  |  |
  |  |
  |  |int
  |  |main() {
  |  |  
  |  |return 0;
  |  |}
  |  |
  |
scons: Configure: ".sconf_temp/conftest_1.o" is up to date.
scons: Configure: The original builder output was:
  |gcc -o .sconf_temp/conftest_1.o -c -I/home/kirill/workspace/glfw/include -I/home/kirill/workspace/glew/include .sconf_temp/conftest_1.c
  |
scons: Configure: ".sconf_temp/conftest_1" is up to date.
scons: Configure: The original builder output was:
  |gcc -o .sconf_temp/conftest_1 .sconf_temp/conftest_1.o -L/home/kirill/workspace/glfw-2.7.5/lib/x11 -L/home/kirill/workspace/glew-1.7.0/lib -lglfw -lGLEW
  |
scons: Configure: (cached) yes

scons: Configure: Checking for C library assimp... 
scons: Configure: ".sconf_temp/conftest_2.c" is up to date.
scons: Configure: The original builder output was:
  |.sconf_temp/conftest_2.c <-
  |  |
  |  |
  |  |
  |  |int
  |  |main() {
  |  |  
  |  |return 0;
  |  |}
  |  |
  |
scons: Configure: ".sconf_temp/conftest_2.o" is up to date.
scons: Configure: The original builder output was:
  |gcc -o .sconf_temp/conftest_2.o -c -I/home/kirill/workspace/glfw/include -I/home/kirill/workspace/glew/include .sconf_temp/conftest_2.c
  |
scons: Configure: ".sconf_temp/conftest_2" is up to date.
scons: Configure: The original builder output was:
  |gcc -o .sconf_temp/conftest_2 .sconf_temp/conftest_2.o -L/home/kirill/workspace/glfw-2.7.5/lib/x11 -L/home/kirill/workspace/glew-1.7.0/lib -L/home/kirill/workspace/assimp/lib -lglfw -lGLEW -lassimp
  |
scons: Configure: (cached) yes

scons: Configure: Checking for C library rt... 
scons: Configure: ".sconf_temp/conftest_3.c" is up to date.
scons: Configure: The original builder output was:
  |.sconf_temp/conftest_3.c <-
  |  |
  |  |
  |  |
  |  |int
  |  |main() {
  |  |  
  |  |return 0;
  |  |}
  |  |
  |
scons: Configure: ".sconf_temp/conftest_3.o" is up to date.
scons: Configure: The original builder output was:
  |gcc -o .sconf_temp/conftest_3.o -c -I/home/kirill/workspace/glfw/include -I/home/kirill/workspace/glew/include .sconf_temp/conftest_3.c
  |
scons: Configure: ".sconf_temp/conftest_3" is up to date.
scons: Configure: The original builder output was:
  |gcc -o .sconf_temp/conftest_3 .sconf_temp/conftest_3.o -L/home/kirill/workspace/glfw-2.7.5/lib/x11 -L/home/kirill/workspace/glew-1.7.0/lib -L/home/kirill/workspace/assimp/lib -lglfw -lGLEW -lassimp -lrt
  |
scons: Configure: (cached) yes

scons: Configure: Checking for C library X11... 
scons: Configure: ".sconf_temp/conftest_4.c" is up to date.
scons: Configure: The original builder output was:
  |.sconf_temp/conftest_4.c <-
  |  |
  |  |
  |  |
  |  |int
  |  |main() {
  |  |  
  |  |return 0;
  |  |}
  |  |
  |
scons: Configure: ".sconf_temp/conftest_4.o" is up to date.
scons: Configure: The original builder output was:
  |gcc -o .sconf_temp/conftest_4.o -c -I/home/kirill/workspace/glfw/include -I/home/kirill/workspace/glew/include .sconf_temp/conftest_4.c
  |
scons: Configure: ".sconf_temp/conftest_4" is up to date.
scons: Configure: The original builder output was:
  |gcc -o .sconf_temp/conftest_4 .sconf_temp/conftest_4.o -L/home/kirill/workspace/glfw-2.7.5/lib/x11 -L/home/kirill/workspace/glew-1.7.0/lib -L/home/kirill/workspace/assimp/lib -lglfw -lGLEW -lassimp -lrt -lX11
  |
scons: Configure: (cached) yes

scons: Configure: Checking for C library GL... 
scons: Configure: ".sconf_temp/conftest_5.c" is up to date.
scons: Configure: The original builder output was:
  |.sconf_temp/conftest_5.c <-
  |  |
  |  |
  |  |
  |  |int
  |  |main() {
  |  |  
  |  |return 0;
  |  |}
  |  |
  |
scons: Configure: ".sconf_temp/conftest_5.o" is up to date.
scons: Configure: The original builder output was:
  |gcc -o .sconf_temp/conftest_5.o -c -I/home/kirill/workspace/glfw/include -I/home/kirill/workspace/glew/include .sconf_temp/conftest_5.c
  |
scons: Configure: ".sconf_temp/conftest_5" is up to date.
scons: Configure: The original builder output was:
  |gcc -o .sconf_temp/conftest_5 .sconf_temp/conftest_5.o -L/home/kirill/workspace/glfw-2.7.5/lib/x11 -L/home/kirill/workspace/glew-1.7.0/lib -L/home/kirill/workspace/assimp/lib -lglfw -lGLEW -lassimp -lrt -lX11 -lGL
  |
scons: Configure: (cached) yes

scons: Configure: Checking for C library pthread... 
scons: Configure: ".sconf_temp/conftest_6.c" is up to date.
scons: Configure: The original builder output was:
  |.sconf_temp/conftest_6.c <-
  |  |
  |  |
  |  |
  |  |int
  |  |main() {
  |  |  
  |  |return 0;
  |  |}
  |  |
  |
scons: Configure: ".sconf_temp/conftest_6.o" is up to date.
scons: Configure: The original builder output was:
  |gcc -o .sconf_temp/conftest_6.o -c -I/home/kirill/workspace/glfw/include -I/home/kirill/workspace/glew/include .sconf_temp/conftest_6.c
  |
scons: Configure: ".sconf_temp/conftest_6" is up to date.
scons: Configure: The original builder output was:
  |gcc -o .sconf_temp/conftest_6 .sconf_temp/conftest_6.o -L/home/kirill/workspace/glfw-2.7.5/lib/x11 -L/home/kirill/workspace/glew-1.7.0/lib -L/home/kirill/workspace/assimp/lib -lglfw -lGLEW -lassimp -lrt -lX11 -lGL -lpthread
  |
scons: Configure: (cached) yes

scons: Configure: Checking for C library m... 
scons: Configure: ".sconf_temp/conftest_7.c" is up to date.
scons: Configure: The original builder output was:
  |.sconf_temp/conftest_7.c <-
  |  |
  |  |
  |  |
  |  |int
  |  |main() {
  |  |  
  |  |return 0;
  |  |}
  |  |
  |
scons: Configure: ".sconf_temp/conftest_7.o" is up to date.
scons: Configure: The original builder output was:
  |gcc -o .sconf_temp/conftest_7.o -c -I/home/kirill/workspace/glfw-2.7.5/include -I/home/kirill/workspace/glew-1.7.0/include -I/home/kirill/workspace/assimp/include .sconf_temp/conftest_7.c
  |
scons: Configure: ".sconf_temp/conftest_7" is up to date.
scons: Configure: The original builder output was:
  |gcc -o .sconf_temp/conftest_7 .sconf_temp/conftest_7.o -L/home/kirill/workspace/glfw-2.7.5/lib/x11 -L/home/kirill/workspace/glew-1.7.0/lib -L/home/kirill/workspace/assimp/lib -lglfw -lGLEW -lassimp -lrt -lX11 -lGL -lpthread -lm
  |
scons: Configure: (cached) yes


